<?xml version="1.0" encoding="UTF-8"?>
<testsuite name="ElevatorSystem.ElevatorSystemTest" tests="1" skipped="0" failures="0" errors="0" timestamp="2020-03-11T03:20:45" hostname="chenliangdeMacBook-Pro.local" time="0.014">
  <properties/>
  <testcase name="testElevatorSystemConstructor()" classname="ElevatorSystem.ElevatorSystemTest" time="0.014"/>
  <system-out><![CDATA[1
]]></system-out>
  <system-err><![CDATA[]]></system-err>
</testsuite>
