<?xml version="1.0" encoding="UTF-8"?>
<testsuite name="BlackJack.DeckTest" tests="1" skipped="0" failures="0" errors="0" timestamp="2020-03-11T03:20:45" hostname="chenliangdeMacBook-Pro.local" time="0.009">
  <properties/>
  <testcase name="testSingleton()" classname="BlackJack.DeckTest" time="0.009"/>
  <system-out><![CDATA[]]></system-out>
  <system-err><![CDATA[]]></system-err>
</testsuite>
